[01m[K/home/ubuntu/finalProject/src/assignment/src/assignment_context.cpp:[m[K In member function '[01m[Kvirtual bool CS3891Context::solve(planning_interface::MotionPlanResponse&)[m[K':
[01m[K/home/ubuntu/finalProject/src/assignment/src/assignment_context.cpp:261:14:[m[K [01;31m[Kerror: [m[K'[01m[Kq_goal_set[m[K' was not declared in this scope
   help_print([01;31m[Kq_goal_set[m[K);
              [01;31m[K^~~~~~~~~~[m[K
[01m[K/home/ubuntu/finalProject/src/assignment/src/assignment_context.cpp:261:14:[m[K [01;36m[Knote: [m[Ksuggested alternative: '[01m[Kq_goal[m[K'
   help_print([01;36m[Kq_goal_set[m[K);
              [01;36m[K^~~~~~~~~~[m[K
              [32m[Kq_goal[m[K
make[2]: *** [CMakeFiles/assignment_context.dir/src/assignment_context.cpp.o] Error 1
make[1]: *** [CMakeFiles/assignment_context.dir/all] Error 2
make: *** [all] Error 2
