[01m[K/home/ubuntu/finalProject/src/assignment/src/assignment_context.cpp:[m[K In member function '[01m[Kvirtual bool CS3891Context::solve(planning_interface::MotionPlanResponse&)[m[K':
[01m[K/home/ubuntu/finalProject/src/assignment/src/assignment_context.cpp:272:29:[m[K [01;31m[Kerror: [m[K'[01m[Ki[m[K' was not declared in this scope
    std::cout << "goal 1" << [01;31m[Ki[m[K << " " << request_.goal_constraints.size << std::endl;
                             [01;31m[K^[m[K
make[2]: *** [CMakeFiles/assignment_context.dir/src/assignment_context.cpp.o] Error 1
make[1]: *** [CMakeFiles/assignment_context.dir/all] Error 2
make: *** [all] Error 2
