[35m[1mScanning dependencies of target assignment_context[0m
[ 25%] [32mBuilding CXX object CMakeFiles/assignment_context.dir/src/assignment_context.cpp.o[0m
[01m[K/home/ubuntu/finalProject/src/assignment/src/assignment_context.cpp:[m[K In member function '[01m[Kdouble CS3891Context::distance(const vertex&, const vertex&)[m[K':
[01m[K/home/ubuntu/finalProject/src/assignment/src/assignment_context.cpp:152:58:[m[K [01;31m[Kerror: [m[Kqualified-id in declaration before '[01m[K([m[K' token
 CS3891Context::Node *CS3891Context::nearest_configuration[01;31m[K([m[Kconst CS3891Context::vertex &q_rand)
                                                          [01;31m[K^[m[K
[01m[K/home/ubuntu/finalProject/src/assignment/src/assignment_context.cpp:152:59:[m[K [01;31m[Kerror: [m[Kexpected primary-expression before '[01m[Kconst[m[K'
 CS3891Context::Node *CS3891Context::nearest_configuration([01;31m[Kconst[m[K CS3891Context::vertex &q_rand)
                                                           [01;31m[K^~~~~[m[K
[01m[K/home/ubuntu/finalProject/src/assignment/src/assignment_context.cpp:164:46:[m[K [01;31m[Kerror: [m[Kqualified-id in declaration before '[01m[K([m[K' token
 bool CS3891Context::is_subpath_collision_free[01;31m[K([m[KCS3891Context::Node *q_near,
                                              [01;31m[K^[m[K
[01m[K/home/ubuntu/finalProject/src/assignment/src/assignment_context.cpp:181:47:[m[K [01;31m[Kerror: [m[Kqualified-id in declaration before '[01m[K([m[K' token
 CS3891Context::path CS3891Context::search_path[01;31m[K([m[KCS3891Context::Node *node)
                                               [01;31m[K^[m[K
[01m[K/home/ubuntu/finalProject/src/assignment/src/assignment_context.cpp:193:39:[m[K [01;31m[Kerror: [m[Kqualified-id in declaration before '[01m[K([m[K' token
 CS3891Context::path CS3891Context::rrt[01;31m[K([m[Kconst CS3891Context::vertex &q_init,
                                       [01;31m[K^[m[K
[01m[K/home/ubuntu/finalProject/src/assignment/src/assignment_context.cpp:262:26:[m[K [01;31m[Kerror: [m[Kqualified-id in declaration before '[01m[K([m[K' token
 bool CS3891Context::solve[01;31m[K([m[Kplanning_interface::MotionPlanResponse &res)
                          [01;31m[K^[m[K
[01m[K/home/ubuntu/finalProject/src/assignment/src/assignment_context.cpp:395:26:[m[K [01;31m[Kerror: [m[Kqualified-id in declaration before '[01m[K([m[K' token
 bool CS3891Context::solve[01;31m[K([m[Kplanning_interface::MotionPlanDetailedResponse &res)
                          [01;31m[K^[m[K
[01m[K/home/ubuntu/finalProject/src/assignment/src/assignment_context.cpp:400:26:[m[K [01;31m[Kerror: [m[Kqualified-id in declaration before '[01m[K([m[K' token
 void CS3891Context::clear[01;31m[K([m[K) {}
                          [01;31m[K^[m[K
[01m[K/home/ubuntu/finalProject/src/assignment/src/assignment_context.cpp:402:30:[m[K [01;31m[Kerror: [m[Kqualified-id in declaration before '[01m[K([m[K' token
 bool CS3891Context::terminate[01;31m[K([m[K) { return true; }
                              [01;31m[K^[m[K
[01m[K/home/ubuntu/finalProject/src/assignment/src/assignment_context.cpp:404:43:[m[K [01;31m[Kerror: [m[Kqualified-id in declaration before '[01m[K([m[K' token
 CS3891Context::Node *CS3891Context::insert[01;31m[K([m[KCS3891Context::Node *node, const CS3891Context::vertex &config, int &depth, Node *pat)
                                           [01;31m[K^[m[K
[01m[K/home/ubuntu/finalProject/src/assignment/src/assignment_context.cpp:404:64:[m[K [01;31m[Kerror: [m[Kexpected primary-expression before '[01m[K*[m[K' token
 CS3891Context::Node *CS3891Context::insert(CS3891Context::Node [01;31m[K*[m[Knode, const CS3891Context::vertex &config, int &depth, Node *pat)
                                                                [01;31m[K^[m[K
[01m[K/home/ubuntu/finalProject/src/assignment/src/assignment_context.cpp:404:65:[m[K [01;31m[Kerror: [m[K'[01m[Knode[m[K' was not declared in this scope
 CS3891Context::Node *CS3891Context::insert(CS3891Context::Node *[01;31m[Knode[m[K, const CS3891Context::vertex &config, int &depth, Node *pat)
                                                                 [01;31m[K^~~~[m[K
[01m[K/home/ubuntu/finalProject/src/assignment/src/assignment_context.cpp:404:65:[m[K [01;36m[Knote: [m[Ksuggested alternative: '[01m[KNode[m[K'
 CS3891Context::Node *CS3891Context::insert(CS3891Context::Node *[01;36m[Knode[m[K, const CS3891Context::vertex &config, int &depth, Node *pat)
                                                                 [01;36m[K^~~~[m[K
                                                                 [32m[KNode[m[K
[01m[K/home/ubuntu/finalProject/src/assignment/src/assignment_context.cpp:404:71:[m[K [01;31m[Kerror: [m[Kexpected primary-expression before '[01m[Kconst[m[K'
 CS3891Context::Node *CS3891Context::insert(CS3891Context::Node *node, [01;31m[Kconst[m[K CS3891Context::vertex &config, int &depth, Node *pat)
                                                                       [01;31m[K^~~~~[m[K
[01m[K/home/ubuntu/finalProject/src/assignment/src/assignment_context.cpp:404:108:[m[K [01;31m[Kerror: [m[Kexpected primary-expression before '[01m[Kint[m[K'
 CS3891Context::Node *CS3891Context::insert(CS3891Context::Node *node, const CS3891Context::vertex &config, [01;31m[Kint[m[K &depth, Node *pat)
                                                                                                            [01;31m[K^~~[m[K
[01m[K/home/ubuntu/finalProject/src/assignment/src/assignment_context.cpp:404:125:[m[K [01;31m[Kerror: [m[Kexpected primary-expression before '[01m[K*[m[K' token
 CS3891Context::Node *CS3891Context::insert(CS3891Context::Node *node, const CS3891Context::vertex &config, int &depth, Node [01;31m[K*[m[Kpat)
                                                                                                                             [01;31m[K^[m[K
[01m[K/home/ubuntu/finalProject/src/assignment/src/assignment_context.cpp:404:126:[m[K [01;31m[Kerror: [m[K'[01m[Kpat[m[K' was not declared in this scope
 CS3891Context::Node *CS3891Context::insert(CS3891Context::Node *node, const CS3891Context::vertex &config, int &depth, Node *[01;31m[Kpat[m[K)
                                                                                                                              [01;31m[K^~~[m[K
[01m[K/home/ubuntu/finalProject/src/assignment/src/assignment_context.cpp:404:126:[m[K [01;36m[Knote: [m[Ksuggested alternative: '[01m[Kpath[m[K'
 CS3891Context::Node *CS3891Context::insert(CS3891Context::Node *node, const CS3891Context::vertex &config, int &depth, Node *[01;36m[Kpat[m[K)
                                                                                                                              [01;36m[K^~~[m[K
                                                                                                                              [32m[Kpath[m[K
[01m[K/home/ubuntu/finalProject/src/assignment/src/assignment_context.cpp:439:53:[m[K [01;31m[Kerror: [m[Kqualified-id in declaration before '[01m[K([m[K' token
 CS3891Context::Node *CS3891Context::nearest_neighbor[01;31m[K([m[KCS3891Context::Node *node, const CS3891Context::vertex &target_config, Node *best_node)
                                                     [01;31m[K^[m[K
[01m[K/home/ubuntu/finalProject/src/assignment/src/assignment_context.cpp:439:74:[m[K [01;31m[Kerror: [m[Kexpected primary-expression before '[01m[K*[m[K' token
 CS3891Context::Node *CS3891Context::nearest_neighbor(CS3891Context::Node [01;31m[K*[m[Knode, const CS3891Context::vertex &target_config, Node *best_node)
                                                                          [01;31m[K^[m[K
[01m[K/home/ubuntu/finalProject/src/assignment/src/assignment_context.cpp:439:81:[m[K [01;31m[Kerror: [m[Kexpected primary-expression before '[01m[Kconst[m[K'
 CS3891Context::Node *CS3891Context::nearest_neighbor(CS3891Context::Node *node, [01;31m[Kconst[m[K CS3891Context::vertex &target_config, Node *best_node)
                                                                                 [01;31m[K^~~~~[m[K
[01m[K/home/ubuntu/finalProject/src/assignment/src/assignment_context.cpp:439:130:[m[K [01;31m[Kerror: [m[Kexpected primary-expression before '[01m[K*[m[K' token
 CS3891Context::Node *CS3891Context::nearest_neighbor(CS3891Context::Node *node, const CS3891Context::vertex &target_config, Node [01;31m[K*[m[Kbest_node)
                                                                                                                                  [01;31m[K^[m[K
[01m[K/home/ubuntu/finalProject/src/assignment/src/assignment_context.cpp:439:131:[m[K [01;31m[Kerror: [m[K'[01m[Kbest_node[m[K' was not declared in this scope
 CS3891Context::Node *CS3891Context::nearest_neighbor(CS3891Context::Node *node, const CS3891Context::vertex &target_config, Node *[01;31m[Kbest_node[m[K)
                                                                                                                                   [01;31m[K^~~~~~~~~[m[K
[01m[K/home/ubuntu/finalProject/src/assignment/src/assignment_context.cpp:477:48:[m[K [01;31m[Kerror: [m[Kqualified-id in declaration before '[01m[K([m[K' token
 CS3891Context::path CS3891Context::shortestPath[01;31m[K([m[KCS3891Context::Node *node)
                                                [01;31m[K^[m[K
[01m[K/home/ubuntu/finalProject/src/assignment/src/assignment_context.cpp:490:1:[m[K [01;31m[Kerror: [m[Kexpected '[01m[K}[m[K' at end of input
 [01;31m[K}[m[K
 [01;31m[K^[m[K
CMakeFiles/assignment_context.dir/build.make:62: recipe for target 'CMakeFiles/assignment_context.dir/src/assignment_context.cpp.o' failed
make[2]: *** [CMakeFiles/assignment_context.dir/src/assignment_context.cpp.o] Error 1
CMakeFiles/Makefile2:2216: recipe for target 'CMakeFiles/assignment_context.dir/all' failed
make[1]: *** [CMakeFiles/assignment_context.dir/all] Error 2
Makefile:140: recipe for target 'all' failed
make: *** [all] Error 2
